<?xml version="1.0" encoding="UTF-8"?>
<!-- Generated by org.testng.reporters.JUnitXMLReporter -->
<testsuite ignored="0" hostname="LAPTOP-57DTDQLF" failures="0" tests="2" name="Test" time="10.25" errors="0" timestamp="2024-10-09T18:00:36 IST">
  <testcase classname="com.testCases.AddEmployeeDataRunner" name="logInApplication" time="1.477">
    <skipped/>
  </testcase> <!-- logInApplication -->
  <testcase classname="com.testCases.AddEmployeeDataRunner" name="logInApplication" time="5.037"/>
</testsuite> <!-- Test -->
