<?xml version="1.0" encoding="UTF-8"?>
<testng-results ignored="0" total="1" passed="1" failed="0" skipped="0">
  <reporter-output>
  </reporter-output>
  <suite started-at="2024-10-09T18:13:56 IST" name="Default suite" finished-at="2024-10-09T18:14:22 IST" duration-ms="25925">
    <groups>
    </groups>
    <test started-at="2024-10-09T18:13:56 IST" name="Default test" finished-at="2024-10-09T18:14:22 IST" duration-ms="25925">
      <class name="com.testCases.AddEmployeeDataRunner">
        <test-method is-config="true" signature="name()[pri:0, instance:com.testCases.AddEmployeeDataRunner@6340e5f0]" started-at="2024-10-09T18:13:56 IST" name="name" finished-at="2024-10-09T18:13:56 IST" duration-ms="0" status="PASS">
          <reporter-output>
          </reporter-output>
        </test-method> <!-- name -->
        <test-method is-config="true" signature="setExtent()[pri:0, instance:com.testCases.AddEmployeeDataRunner@6340e5f0]" started-at="2024-10-09T18:13:56 IST" name="setExtent" finished-at="2024-10-09T18:13:56 IST" duration-ms="175" status="PASS">
          <reporter-output>
          </reporter-output>
        </test-method> <!-- setExtent -->
        <test-method is-config="true" signature="browserLunch(org.testng.ITestResult,java.lang.reflect.Method)[pri:0, instance:com.testCases.AddEmployeeDataRunner@6340e5f0]" started-at="2024-10-09T18:13:56 IST" name="browserLunch" finished-at="2024-10-09T18:14:17 IST" duration-ms="20951" status="PASS">
          <params>
            <param index="0">
              <value>
                <![CDATA[[TestResult name={null} status=CREATED method=AddEmployeeDataRunner.addEmployeeTitle()[pri:0, instance:com.testCases.AddEmployeeDataRunner@6340e5f0] output={null}]]]>
              </value>
            </param>
            <param index="1">
              <value>
                <![CDATA[public void com.testCases.AddEmployeeDataRunner.addEmployeeTitle()]]>
              </value>
            </param>
          </params>
          <reporter-output>
          </reporter-output>
        </test-method> <!-- browserLunch -->
        <test-method signature="addEmployeeTitle()[pri:0, instance:com.testCases.AddEmployeeDataRunner@6340e5f0]" started-at="2024-10-09T18:14:17 IST" name="addEmployeeTitle" description="Account login" finished-at="2024-10-09T18:14:22 IST" duration-ms="4654" status="PASS">
          <reporter-output>
          </reporter-output>
        </test-method> <!-- addEmployeeTitle -->
        <test-method is-config="true" signature="browserClose(org.testng.ITestResult)[pri:0, instance:com.testCases.AddEmployeeDataRunner@6340e5f0]" started-at="2024-10-09T18:14:22 IST" name="browserClose" finished-at="2024-10-09T18:14:22 IST" duration-ms="0" status="PASS">
          <params>
            <param index="0">
              <value>
                <![CDATA[[TestResult name=addEmployeeTitle status=SUCCESS method=AddEmployeeDataRunner.addEmployeeTitle()[pri:0, instance:com.testCases.AddEmployeeDataRunner@6340e5f0] output={null}]]]>
              </value>
            </param>
          </params>
          <reporter-output>
          </reporter-output>
        </test-method> <!-- browserClose -->
        <test-method is-config="true" signature="endReport()[pri:0, instance:com.testCases.AddEmployeeDataRunner@6340e5f0]" started-at="2024-10-09T18:14:22 IST" name="endReport" finished-at="2024-10-09T18:14:22 IST" duration-ms="140" status="PASS">
          <reporter-output>
          </reporter-output>
        </test-method> <!-- endReport -->
      </class> <!-- com.testCases.AddEmployeeDataRunner -->
    </test> <!-- Default test -->
  </suite> <!-- Default suite -->
</testng-results>
